2015-04-16 16:06:24 Notice: Notice (8): Undefined property: View::$Paginator in [/var/www/html/chickenrainshop/views/products/index.ctp, line 5]
2015-04-16 16:06:51 Notice: Notice (8): Undefined property: View::$Paginator in [/var/www/html/chickenrainshop/views/products/index.ctp, line 5]
2015-04-16 16:15:01 Notice: Notice (8): Undefined variable: products in [/var/www/html/chickenrainshop/views/products/index.ctp, line 3]
2015-04-16 16:26:15 Notice: Notice (8): Undefined property: Product::$Product in [/var/www/html/chickenrainshop/models/product.php, line 48]
2015-04-16 16:30:33 Notice: Notice (8): Uninitialized string offset: 0 in [/usr/share/php/cake/libs/view/helpers/html.php, line 608]
2015-04-16 16:31:43 Notice: Notice (8): Uninitialized string offset: 0 in [/usr/share/php/cake/libs/view/helpers/html.php, line 608]
2015-04-16 16:32:01 Notice: Notice (8): Uninitialized string offset: 0 in [/usr/share/php/cake/libs/view/helpers/html.php, line 608]
2015-04-16 16:32:12 Notice: Notice (8): Uninitialized string offset: 0 in [/usr/share/php/cake/libs/view/helpers/html.php, line 608]
2015-04-16 16:32:51 Notice: Notice (8): Uninitialized string offset: 0 in [/usr/share/php/cake/libs/view/helpers/html.php, line 608]
2015-04-16 16:32:52 Notice: Notice (8): Uninitialized string offset: 0 in [/usr/share/php/cake/libs/view/helpers/html.php, line 608]
2015-04-16 16:32:53 Notice: Notice (8): Uninitialized string offset: 0 in [/usr/share/php/cake/libs/view/helpers/html.php, line 608]
2015-04-16 16:32:53 Notice: Notice (8): Uninitialized string offset: 0 in [/usr/share/php/cake/libs/view/helpers/html.php, line 608]
2015-04-16 16:32:53 Notice: Notice (8): Uninitialized string offset: 0 in [/usr/share/php/cake/libs/view/helpers/html.php, line 608]
2015-04-16 16:32:54 Notice: Notice (8): Uninitialized string offset: 0 in [/usr/share/php/cake/libs/view/helpers/html.php, line 608]
2015-04-16 16:32:54 Notice: Notice (8): Uninitialized string offset: 0 in [/usr/share/php/cake/libs/view/helpers/html.php, line 608]
2015-04-16 16:32:54 Notice: Notice (8): Uninitialized string offset: 0 in [/usr/share/php/cake/libs/view/helpers/html.php, line 608]
2015-04-16 16:32:54 Notice: Notice (8): Uninitialized string offset: 0 in [/usr/share/php/cake/libs/view/helpers/html.php, line 608]
2015-04-16 16:32:54 Notice: Notice (8): Uninitialized string offset: 0 in [/usr/share/php/cake/libs/view/helpers/html.php, line 608]
2015-04-16 16:32:55 Notice: Notice (8): Uninitialized string offset: 0 in [/usr/share/php/cake/libs/view/helpers/html.php, line 608]
2015-04-16 16:32:55 Notice: Notice (8): Uninitialized string offset: 0 in [/usr/share/php/cake/libs/view/helpers/html.php, line 608]
2015-04-16 16:32:55 Notice: Notice (8): Uninitialized string offset: 0 in [/usr/share/php/cake/libs/view/helpers/html.php, line 608]
2015-04-16 16:32:55 Notice: Notice (8): Uninitialized string offset: 0 in [/usr/share/php/cake/libs/view/helpers/html.php, line 608]
2015-04-16 16:32:55 Notice: Notice (8): Uninitialized string offset: 0 in [/usr/share/php/cake/libs/view/helpers/html.php, line 608]
2015-04-16 16:34:24 Notice: Notice (8): Uninitialized string offset: 0 in [/usr/share/php/cake/libs/view/helpers/html.php, line 608]
2015-04-16 16:35:56 Notice: Notice (8): Uninitialized string offset: 0 in [/usr/share/php/cake/libs/view/helpers/html.php, line 608]
2015-04-16 16:38:56 Notice: Notice (8): Uninitialized string offset: 0 in [/usr/share/php/cake/libs/view/helpers/html.php, line 608]
2015-04-16 16:39:14 Notice: Notice (8): Uninitialized string offset: 0 in [/usr/share/php/cake/libs/view/helpers/html.php, line 608]
2015-04-16 16:39:36 Notice: Notice (8): Uninitialized string offset: 0 in [/usr/share/php/cake/libs/view/helpers/html.php, line 608]
2015-04-16 16:39:55 Notice: Notice (8): Uninitialized string offset: 0 in [/usr/share/php/cake/libs/view/helpers/html.php, line 608]
2015-04-16 16:40:44 Notice: Notice (8): Uninitialized string offset: 0 in [/usr/share/php/cake/libs/view/helpers/html.php, line 608]
2015-04-16 16:41:42 Notice: Notice (8): Uninitialized string offset: 0 in [/usr/share/php/cake/libs/view/helpers/html.php, line 608]
2015-04-16 16:41:43 Notice: Notice (8): Uninitialized string offset: 0 in [/usr/share/php/cake/libs/view/helpers/html.php, line 608]
2015-04-16 16:41:43 Notice: Notice (8): Uninitialized string offset: 0 in [/usr/share/php/cake/libs/view/helpers/html.php, line 608]
2015-04-16 16:41:43 Notice: Notice (8): Uninitialized string offset: 0 in [/usr/share/php/cake/libs/view/helpers/html.php, line 608]
2015-04-16 16:41:43 Notice: Notice (8): Uninitialized string offset: 0 in [/usr/share/php/cake/libs/view/helpers/html.php, line 608]
2015-04-16 16:41:44 Notice: Notice (8): Uninitialized string offset: 0 in [/usr/share/php/cake/libs/view/helpers/html.php, line 608]
2015-04-16 16:41:44 Notice: Notice (8): Uninitialized string offset: 0 in [/usr/share/php/cake/libs/view/helpers/html.php, line 608]
2015-04-16 16:41:45 Notice: Notice (8): Uninitialized string offset: 0 in [/usr/share/php/cake/libs/view/helpers/html.php, line 608]
2015-04-16 16:42:25 Notice: Notice (8): Uninitialized string offset: 0 in [/usr/share/php/cake/libs/view/helpers/html.php, line 608]
2015-04-16 16:42:46 Notice: Notice (8): Uninitialized string offset: 0 in [/usr/share/php/cake/libs/view/helpers/html.php, line 608]
2015-04-16 16:42:49 Notice: Notice (8): Uninitialized string offset: 0 in [/usr/share/php/cake/libs/view/helpers/html.php, line 608]
2015-04-16 16:43:34 Notice: Notice (8): Uninitialized string offset: 0 in [/usr/share/php/cake/libs/view/helpers/html.php, line 608]
2015-04-16 16:44:53 Notice: Notice (8): Uninitialized string offset: 0 in [/usr/share/php/cake/libs/view/helpers/html.php, line 608]
2015-04-16 16:45:21 Notice: Notice (8): Uninitialized string offset: 0 in [/usr/share/php/cake/libs/view/helpers/html.php, line 608]
2015-04-16 16:45:36 Notice: Notice (8): Uninitialized string offset: 0 in [/usr/share/php/cake/libs/view/helpers/html.php, line 608]
2015-04-16 16:45:48 Notice: Notice (8): Uninitialized string offset: 0 in [/usr/share/php/cake/libs/view/helpers/html.php, line 608]
2015-04-16 16:46:04 Notice: Notice (8): Uninitialized string offset: 0 in [/usr/share/php/cake/libs/view/helpers/html.php, line 608]
2015-04-16 16:47:30 Notice: Notice (8): Uninitialized string offset: 0 in [/usr/share/php/cake/libs/view/helpers/html.php, line 608]
2015-04-16 16:47:31 Notice: Notice (8): Uninitialized string offset: 0 in [/usr/share/php/cake/libs/view/helpers/html.php, line 608]
2015-04-16 16:47:31 Notice: Notice (8): Uninitialized string offset: 0 in [/usr/share/php/cake/libs/view/helpers/html.php, line 608]
2015-04-16 16:47:31 Notice: Notice (8): Uninitialized string offset: 0 in [/usr/share/php/cake/libs/view/helpers/html.php, line 608]
2015-04-16 16:47:31 Notice: Notice (8): Uninitialized string offset: 0 in [/usr/share/php/cake/libs/view/helpers/html.php, line 608]
2015-04-16 16:47:31 Notice: Notice (8): Uninitialized string offset: 0 in [/usr/share/php/cake/libs/view/helpers/html.php, line 608]
2015-04-16 16:47:32 Notice: Notice (8): Uninitialized string offset: 0 in [/usr/share/php/cake/libs/view/helpers/html.php, line 608]
2015-04-16 16:49:48 Notice: Notice (8): Uninitialized string offset: 0 in [/usr/share/php/cake/libs/view/helpers/html.php, line 608]
2015-04-16 16:51:22 Notice: Notice (8): Uninitialized string offset: 0 in [/usr/share/php/cake/libs/view/helpers/html.php, line 608]
2015-04-16 16:59:41 Notice: Notice (8): Undefined property: View::$Number in [/var/www/html/chickenrainshop/views/products/index.ctp, line 6]
2015-04-16 17:01:12 Notice: Notice (8): Undefined property: View::$Number in [/var/www/html/chickenrainshop/views/products/index.ctp, line 6]
2015-04-16 17:03:52 Notice: Notice (8): Undefined property: View::$Number in [/var/www/html/chickenrainshop/views/products/index.ctp, line 6]
2015-04-16 17:03:52 Notice: Notice (8): Undefined variable: currency in [/var/www/html/chickenrainshop/views/products/index.ctp, line 6]
2015-04-16 17:03:53 Notice: Notice (8): Undefined property: View::$Number in [/var/www/html/chickenrainshop/views/products/index.ctp, line 6]
2015-04-16 17:03:53 Notice: Notice (8): Undefined variable: currency in [/var/www/html/chickenrainshop/views/products/index.ctp, line 6]
2015-04-16 17:04:29 Notice: Notice (8): Undefined property: View::$Number in [/var/www/html/chickenrainshop/views/products/index.ctp, line 6]
2015-04-16 17:04:29 Notice: Notice (8): Undefined variable: currency in [/var/www/html/chickenrainshop/views/products/index.ctp, line 6]
2015-04-16 17:35:28 Notice: Notice (8): Undefined variable: paginate in [/var/www/html/chickenrainshop/controllers/products_controller.php, line 15]
2015-04-16 17:35:42 Notice: Notice (8): Undefined property: Product::$paginate in [/var/www/html/chickenrainshop/controllers/products_controller.php, line 18]
2015-04-16 17:53:21 Notice: Notice (8): Trying to get property of non-object in [/var/www/html/chickenrainshop/controllers/products_controller.php, line 15]
2015-04-17 09:10:11 Notice: Notice (8): Undefined property: View::$Paginator in [/var/www/html/chickenrainshop/views/elements/pagination.ctp, line 2]
2015-04-17 09:10:36 Notice: Notice (8): Undefined property: View::$Paginator in [/var/www/html/chickenrainshop/views/elements/pagination.ctp, line 2]
2015-04-17 09:16:37 Notice: Notice (8): Undefined property: View::$Paginator in [/var/www/html/chickenrainshop/views/elements/pagination.ctp, line 2]
2015-04-17 10:05:07 Notice: Notice (8): Undefined property: BooksController::$Product in [/var/www/html/chickenrainshop/controllers/books_controller.php, line 9]
2015-04-17 10:06:52 Notice: Notice (8): Undefined property: View::$Paginator in [/var/www/html/chickenrainshop/views/books/index.ctp, line 5]
2015-04-17 10:07:38 Notice: Notice (8): Undefined variable: products in [/var/www/html/chickenrainshop/views/books/index.ctp, line 6]
2015-04-17 10:07:38 Notice: Notice (8): Undefined variable: products in [/var/www/html/chickenrainshop/views/elements/products.ctp, line 1]
2015-04-17 10:08:22 Notice: Notice (8): Undefined variable: products in [/var/www/html/chickenrainshop/views/elements/books.ctp, line 1]
2015-04-17 10:10:21 Notice: Notice (8): Undefined variable: products in [/var/www/html/chickenrainshop/views/books/view.ctp, line 6]
2015-04-17 10:10:36 Notice: Notice (8): Undefined variable: products in [/var/www/html/chickenrainshop/views/books/latest_books.ctp, line 9]
2015-04-17 10:12:04 Notice: Notice (8): Undefined variable: products in [/var/www/html/chickenrainshop/views/books/view.ctp, line 6]
2015-04-17 10:25:19 Notice: Notice (8): Undefined variable: book in [/var/www/html/chickenrainshop/views/books/view.ctp, line 6]
2015-04-17 10:25:19 Notice: Notice (8): Undefined variable: book in [/var/www/html/chickenrainshop/views/books/view.ctp, line 11]
2015-04-17 10:25:19 Notice: Notice (8): Undefined variable: book in [/var/www/html/chickenrainshop/views/books/view.ctp, line 16]
2015-04-17 10:25:19 Notice: Notice (8): Undefined variable: book in [/var/www/html/chickenrainshop/views/books/view.ctp, line 21]
2015-04-17 10:25:19 Notice: Notice (8): Undefined variable: book in [/var/www/html/chickenrainshop/views/books/view.ctp, line 26]
2015-04-17 10:25:19 Notice: Notice (8): Undefined variable: book in [/var/www/html/chickenrainshop/views/books/view.ctp, line 31]
2015-04-17 10:25:19 Notice: Notice (8): Undefined variable: book in [/var/www/html/chickenrainshop/views/books/view.ctp, line 36]
2015-04-17 10:25:19 Notice: Notice (8): Undefined variable: book in [/var/www/html/chickenrainshop/views/books/view.ctp, line 41]
2015-04-17 10:25:19 Notice: Notice (8): Undefined variable: book in [/var/www/html/chickenrainshop/views/books/view.ctp, line 46]
2015-04-17 10:25:19 Notice: Notice (8): Undefined variable: book in [/var/www/html/chickenrainshop/views/books/view.ctp, line 51]
2015-04-17 10:25:19 Notice: Notice (8): Undefined variable: book in [/var/www/html/chickenrainshop/views/books/view.ctp, line 56]
2015-04-17 10:25:19 Notice: Notice (8): Undefined variable: book in [/var/www/html/chickenrainshop/views/books/view.ctp, line 64]
2015-04-17 10:25:19 Notice: Notice (8): Undefined variable: book in [/var/www/html/chickenrainshop/views/books/view.ctp, line 65]
2015-04-17 11:26:24 Notice: Notice (8): Undefined property: BooksController::$request in [/var/www/html/chickenrainshop/controllers/books_controller.php, line 15]
2015-04-17 11:28:20 Notice: Notice (8): Undefined property: BooksController::$request in [/var/www/html/chickenrainshop/controllers/books_controller.php, line 15]
2015-04-17 11:31:01 Notice: Notice (8): Undefined property: BooksController::$request in [/var/www/html/chickenrainshop/controllers/books_controller.php, line 15]
2015-04-17 11:31:01 Notice: Notice (8): Trying to get property of non-object in [/var/www/html/chickenrainshop/controllers/books_controller.php, line 15]
2015-04-17 11:31:36 Notice: Notice (8): Undefined variable: request in [/var/www/html/chickenrainshop/controllers/books_controller.php, line 15]
2015-04-17 11:31:38 Notice: Notice (8): Undefined variable: request in [/var/www/html/chickenrainshop/controllers/books_controller.php, line 15]
2015-04-17 11:31:38 Notice: Notice (8): Undefined variable: request in [/var/www/html/chickenrainshop/controllers/books_controller.php, line 15]
2015-04-17 11:31:39 Notice: Notice (8): Undefined variable: request in [/var/www/html/chickenrainshop/controllers/books_controller.php, line 15]
2015-04-17 11:31:49 Notice: Notice (8): Undefined property: BooksController::$request in [/var/www/html/chickenrainshop/controllers/books_controller.php, line 15]
2015-04-17 11:31:53 Notice: Notice (8): Undefined property: BooksController::$request in [/var/www/html/chickenrainshop/controllers/books_controller.php, line 15]
2015-04-17 11:31:53 Notice: Notice (8): Undefined property: BooksController::$request in [/var/www/html/chickenrainshop/controllers/books_controller.php, line 15]
2015-04-17 11:31:53 Notice: Notice (8): Undefined property: BooksController::$request in [/var/www/html/chickenrainshop/controllers/books_controller.php, line 15]
2015-04-17 11:31:54 Notice: Notice (8): Undefined property: BooksController::$request in [/var/www/html/chickenrainshop/controllers/books_controller.php, line 15]
2015-04-17 11:31:54 Notice: Notice (8): Undefined property: BooksController::$request in [/var/www/html/chickenrainshop/controllers/books_controller.php, line 15]
2015-04-17 11:31:54 Notice: Notice (8): Undefined property: BooksController::$request in [/var/www/html/chickenrainshop/controllers/books_controller.php, line 15]
2015-04-17 11:31:54 Notice: Notice (8): Undefined property: BooksController::$request in [/var/www/html/chickenrainshop/controllers/books_controller.php, line 15]
2015-04-17 11:32:45 Notice: Notice (8): Undefined property: BooksController::$request in [/var/www/html/chickenrainshop/controllers/books_controller.php, line 15]
2015-04-17 11:32:49 Notice: Notice (8): Undefined property: BooksController::$request in [/var/www/html/chickenrainshop/controllers/books_controller.php, line 15]
2015-04-17 11:32:49 Notice: Notice (8): Undefined property: BooksController::$request in [/var/www/html/chickenrainshop/controllers/books_controller.php, line 15]
2015-04-17 11:32:50 Notice: Notice (8): Undefined property: BooksController::$request in [/var/www/html/chickenrainshop/controllers/books_controller.php, line 15]
2015-04-17 11:32:50 Notice: Notice (8): Undefined property: BooksController::$request in [/var/www/html/chickenrainshop/controllers/books_controller.php, line 15]
2015-04-17 11:32:50 Notice: Notice (8): Undefined property: BooksController::$request in [/var/www/html/chickenrainshop/controllers/books_controller.php, line 15]
2015-04-17 11:32:51 Notice: Notice (8): Undefined property: BooksController::$request in [/var/www/html/chickenrainshop/controllers/books_controller.php, line 15]
2015-04-17 11:32:51 Notice: Notice (8): Undefined property: BooksController::$request in [/var/www/html/chickenrainshop/controllers/books_controller.php, line 15]
2015-04-17 11:32:51 Notice: Notice (8): Undefined property: BooksController::$request in [/var/www/html/chickenrainshop/controllers/books_controller.php, line 15]
2015-04-17 11:32:52 Notice: Notice (8): Undefined property: BooksController::$request in [/var/www/html/chickenrainshop/controllers/books_controller.php, line 15]
2015-04-17 11:32:52 Notice: Notice (8): Undefined property: BooksController::$request in [/var/www/html/chickenrainshop/controllers/books_controller.php, line 15]
2015-04-17 11:32:52 Notice: Notice (8): Undefined property: BooksController::$request in [/var/www/html/chickenrainshop/controllers/books_controller.php, line 15]
2015-04-17 11:36:06 Notice: Notice (8): Undefined property: BooksController::$request in [/var/www/html/chickenrainshop/controllers/books_controller.php, line 15]
2015-04-17 11:37:28 Notice: Notice (8): Undefined property: BooksController::$request in [/var/www/html/chickenrainshop/controllers/books_controller.php, line 15]
2015-04-17 11:37:29 Notice: Notice (8): Undefined property: BooksController::$request in [/var/www/html/chickenrainshop/controllers/books_controller.php, line 15]
2015-04-17 11:37:34 Notice: Notice (8): Undefined variable: request in [/var/www/html/chickenrainshop/controllers/books_controller.php, line 15]
2015-04-17 11:37:39 Notice: Notice (8): Undefined property: BooksController::$request in [/var/www/html/chickenrainshop/controllers/books_controller.php, line 15]
2015-04-17 11:38:51 Notice: Notice (8): Undefined property: BooksController::$request in [/var/www/html/chickenrainshop/controllers/books_controller.php, line 15]
2015-04-17 11:42:31 Notice: Notice (8): Undefined index: Book in [/var/www/html/chickenrainshop/controllers/books_controller.php, line 15]
2015-04-17 11:42:35 Notice: Notice (8): Undefined index: Book in [/var/www/html/chickenrainshop/controllers/books_controller.php, line 15]
2015-04-17 11:45:49 Notice: Notice (8): Undefined property: BooksController::$request in [/var/www/html/chickenrainshop/controllers/books_controller.php, line 15]
2015-04-17 11:45:49 Notice: Notice (8): Trying to get property of non-object in [/var/www/html/chickenrainshop/controllers/books_controller.php, line 15]
2015-04-17 11:46:00 Notice: Notice (8): Undefined property: BooksController::$request in [/var/www/html/chickenrainshop/controllers/books_controller.php, line 15]
2015-04-17 11:46:31 Notice: Notice (8): Undefined property: BooksController::$request in [/var/www/html/chickenrainshop/controllers/books_controller.php, line 15]
2015-04-17 12:01:10 Notice: Notice (8): Undefined property: BooksController::$request in [/var/www/html/chickenrainshop/controllers/books_controller.php, line 15]
2015-04-17 13:57:39 Notice: Notice (8): Undefined property: BooksController::$request in [/var/www/html/chickenrainshop/controllers/books_controller.php, line 15]
2015-04-17 14:00:42 Notice: Notice (8): Undefined property: BooksController::$request in [/var/www/html/chickenrainshop/controllers/books_controller.php, line 15]
2015-04-17 14:00:43 Notice: Notice (8): Undefined property: BooksController::$request in [/var/www/html/chickenrainshop/controllers/books_controller.php, line 15]
2015-04-17 14:01:10 Notice: Notice (8): Undefined property: BooksController::$request in [/var/www/html/chickenrainshop/controllers/books_controller.php, line 15]
2015-04-17 14:01:11 Notice: Notice (8): Undefined property: BooksController::$request in [/var/www/html/chickenrainshop/controllers/books_controller.php, line 15]
2015-04-17 14:01:12 Notice: Notice (8): Undefined property: BooksController::$request in [/var/www/html/chickenrainshop/controllers/books_controller.php, line 15]
2015-04-17 14:02:42 Notice: Notice (8): Undefined property: BooksController::$request in [/var/www/html/chickenrainshop/controllers/books_controller.php, line 15]
2015-04-17 14:12:58 Notice: Notice (8): Undefined property: UsersController::$request in [/var/www/html/chickenrainshop/controllers/users_controller.php, line 7]
2015-04-17 14:14:29 Notice: Notice (8): Undefined property: UsersController::$request in [/var/www/html/chickenrainshop/controllers/users_controller.php, line 7]
2015-04-17 14:14:30 Notice: Notice (8): Undefined property: UsersController::$request in [/var/www/html/chickenrainshop/controllers/users_controller.php, line 7]
2015-04-17 14:14:30 Notice: Notice (8): Undefined property: UsersController::$request in [/var/www/html/chickenrainshop/controllers/users_controller.php, line 7]
2015-04-17 14:14:30 Notice: Notice (8): Undefined property: UsersController::$request in [/var/www/html/chickenrainshop/controllers/users_controller.php, line 7]
2015-04-17 14:14:31 Notice: Notice (8): Undefined property: UsersController::$request in [/var/www/html/chickenrainshop/controllers/users_controller.php, line 7]
2015-04-17 14:17:16 Notice: Notice (8): Undefined property: UsersController::$request in [/var/www/html/chickenrainshop/controllers/users_controller.php, line 7]
2015-04-17 14:17:16 Notice: Notice (8): Undefined property: UsersController::$request in [/var/www/html/chickenrainshop/controllers/users_controller.php, line 7]
2015-04-17 14:17:41 Notice: Notice (8): Undefined property: UsersController::$request in [/var/www/html/chickenrainshop/controllers/users_controller.php, line 7]
2015-04-17 14:17:42 Notice: Notice (8): Undefined property: UsersController::$request in [/var/www/html/chickenrainshop/controllers/users_controller.php, line 7]
2015-04-17 14:17:42 Notice: Notice (8): Undefined property: UsersController::$request in [/var/www/html/chickenrainshop/controllers/users_controller.php, line 7]
2015-04-17 14:17:42 Notice: Notice (8): Undefined property: UsersController::$request in [/var/www/html/chickenrainshop/controllers/users_controller.php, line 7]
2015-04-17 14:17:42 Notice: Notice (8): Undefined property: UsersController::$request in [/var/www/html/chickenrainshop/controllers/users_controller.php, line 7]
2015-04-17 14:17:42 Notice: Notice (8): Undefined property: UsersController::$request in [/var/www/html/chickenrainshop/controllers/users_controller.php, line 7]
2015-04-17 14:19:58 Notice: Notice (8): Undefined property: UsersController::$request in [/var/www/html/chickenrainshop/controllers/users_controller.php, line 7]
2015-04-17 14:19:59 Notice: Notice (8): Undefined property: UsersController::$request in [/var/www/html/chickenrainshop/controllers/users_controller.php, line 7]
2015-04-17 14:19:59 Notice: Notice (8): Undefined property: UsersController::$request in [/var/www/html/chickenrainshop/controllers/users_controller.php, line 7]
2015-04-17 14:19:59 Notice: Notice (8): Undefined property: UsersController::$request in [/var/www/html/chickenrainshop/controllers/users_controller.php, line 7]
2015-04-17 14:20:00 Notice: Notice (8): Undefined property: UsersController::$request in [/var/www/html/chickenrainshop/controllers/users_controller.php, line 7]
2015-04-17 14:20:00 Notice: Notice (8): Undefined property: UsersController::$request in [/var/www/html/chickenrainshop/controllers/users_controller.php, line 7]
2015-04-17 14:20:00 Notice: Notice (8): Undefined property: UsersController::$request in [/var/www/html/chickenrainshop/controllers/users_controller.php, line 7]
2015-04-17 14:20:00 Notice: Notice (8): Undefined property: UsersController::$request in [/var/www/html/chickenrainshop/controllers/users_controller.php, line 7]
2015-04-17 14:20:00 Notice: Notice (8): Undefined property: UsersController::$request in [/var/www/html/chickenrainshop/controllers/users_controller.php, line 7]
2015-04-17 14:20:01 Notice: Notice (8): Undefined property: UsersController::$request in [/var/www/html/chickenrainshop/controllers/users_controller.php, line 7]
2015-04-17 14:20:02 Notice: Notice (8): Undefined property: UsersController::$request in [/var/www/html/chickenrainshop/controllers/users_controller.php, line 7]
2015-04-17 14:20:07 Notice: Notice (8): Undefined property: UsersController::$request in [/var/www/html/chickenrainshop/controllers/users_controller.php, line 7]
2015-04-17 14:20:46 Notice: Notice (8): Undefined property: UsersController::$request in [/var/www/html/chickenrainshop/controllers/users_controller.php, line 7]
2015-04-17 14:22:11 Notice: Notice (8): Undefined property: UsersController::$Form in [/var/www/html/chickenrainshop/controllers/users_controller.php, line 7]
2015-04-17 14:22:11 Notice: Notice (8): Trying to get property of non-object in [/var/www/html/chickenrainshop/controllers/users_controller.php, line 7]
2015-04-17 14:22:22 Notice: Notice (8): Undefined property: User::$request in [/var/www/html/chickenrainshop/controllers/users_controller.php, line 7]
2015-04-17 14:22:26 Notice: Notice (8): Undefined property: UsersController::$request in [/var/www/html/chickenrainshop/controllers/users_controller.php, line 7]
2015-04-17 14:24:04 Notice: Notice (8): Undefined property: UsersController::$request in [/var/www/html/chickenrainshop/controllers/users_controller.php, line 7]
2015-04-17 14:24:05 Notice: Notice (8): Undefined property: UsersController::$request in [/var/www/html/chickenrainshop/controllers/users_controller.php, line 7]
2015-04-17 14:24:05 Notice: Notice (8): Undefined property: UsersController::$request in [/var/www/html/chickenrainshop/controllers/users_controller.php, line 7]
2015-04-17 14:24:05 Notice: Notice (8): Undefined property: UsersController::$request in [/var/www/html/chickenrainshop/controllers/users_controller.php, line 7]
2015-04-17 14:25:01 Notice: Notice (8): Undefined property: UsersController::$http_request in [/var/www/html/chickenrainshop/controllers/users_controller.php, line 7]
2015-04-17 14:25:32 Notice: Notice (8): Undefined property: UsersController::$request in [/var/www/html/chickenrainshop/controllers/users_controller.php, line 7]
2015-04-17 14:26:09 Notice: Notice (8): Undefined property: UsersController::$request in [/var/www/html/chickenrainshop/controllers/users_controller.php, line 7]
2015-04-17 14:26:10 Notice: Notice (8): Undefined property: UsersController::$request in [/var/www/html/chickenrainshop/controllers/users_controller.php, line 7]
2015-04-17 14:26:27 Notice: Notice (8): Undefined property: UsersController::$request in [/var/www/html/chickenrainshop/controllers/users_controller.php, line 7]
2015-04-17 14:26:28 Notice: Notice (8): Undefined property: UsersController::$request in [/var/www/html/chickenrainshop/controllers/users_controller.php, line 7]
2015-04-17 14:26:28 Notice: Notice (8): Undefined property: UsersController::$request in [/var/www/html/chickenrainshop/controllers/users_controller.php, line 7]
2015-04-17 14:26:28 Notice: Notice (8): Undefined property: UsersController::$request in [/var/www/html/chickenrainshop/controllers/users_controller.php, line 7]
2015-04-17 14:26:29 Notice: Notice (8): Undefined property: UsersController::$request in [/var/www/html/chickenrainshop/controllers/users_controller.php, line 7]
2015-04-17 15:09:34 Notice: Notice (8): Undefined variable: current_user in [/var/www/html/chickenrainshop/views/layouts/default.ctp, line 40]
2015-04-17 15:17:03 Notice: Notice (8): Undefined property: BooksController::$request in [/var/www/html/chickenrainshop/controllers/books_controller.php, line 21]
2015-04-17 15:17:03 Notice: Notice (8): Trying to get property of non-object in [/var/www/html/chickenrainshop/controllers/books_controller.php, line 21]
2015-04-17 15:17:24 Notice: Notice (8): Undefined property: BooksController::$request in [/var/www/html/chickenrainshop/controllers/books_controller.php, line 21]
2015-04-17 15:17:24 Notice: Notice (8): Trying to get property of non-object in [/var/www/html/chickenrainshop/controllers/books_controller.php, line 21]
2015-04-17 15:17:25 Notice: Notice (8): Undefined property: BooksController::$request in [/var/www/html/chickenrainshop/controllers/books_controller.php, line 21]
2015-04-17 15:17:25 Notice: Notice (8): Trying to get property of non-object in [/var/www/html/chickenrainshop/controllers/books_controller.php, line 21]
2015-04-17 15:17:26 Notice: Notice (8): Undefined property: BooksController::$request in [/var/www/html/chickenrainshop/controllers/books_controller.php, line 21]
2015-04-17 15:17:26 Notice: Notice (8): Trying to get property of non-object in [/var/www/html/chickenrainshop/controllers/books_controller.php, line 21]
2015-04-17 15:17:27 Notice: Notice (8): Undefined property: BooksController::$request in [/var/www/html/chickenrainshop/controllers/books_controller.php, line 21]
2015-04-17 15:17:27 Notice: Notice (8): Trying to get property of non-object in [/var/www/html/chickenrainshop/controllers/books_controller.php, line 21]
2015-04-17 15:17:39 Notice: Notice (8): Undefined property: BooksController::$request in [/var/www/html/chickenrainshop/controllers/books_controller.php, line 21]
2015-04-17 15:17:39 Notice: Notice (8): Trying to get property of non-object in [/var/www/html/chickenrainshop/controllers/books_controller.php, line 21]
2015-04-17 15:17:40 Notice: Notice (8): Undefined property: BooksController::$request in [/var/www/html/chickenrainshop/controllers/books_controller.php, line 21]
2015-04-17 15:17:40 Notice: Notice (8): Trying to get property of non-object in [/var/www/html/chickenrainshop/controllers/books_controller.php, line 21]
2015-04-17 15:18:39 Notice: Notice (8): Undefined property: BooksController::$request in [/var/www/html/chickenrainshop/controllers/books_controller.php, line 21]
2015-04-17 15:18:39 Notice: Notice (8): Trying to get property of non-object in [/var/www/html/chickenrainshop/controllers/books_controller.php, line 21]
2015-04-17 15:18:40 Notice: Notice (8): Undefined property: BooksController::$request in [/var/www/html/chickenrainshop/controllers/books_controller.php, line 21]
2015-04-17 15:18:40 Notice: Notice (8): Trying to get property of non-object in [/var/www/html/chickenrainshop/controllers/books_controller.php, line 21]
2015-04-17 15:23:46 Notice: Notice (8): Undefined property: BooksController::$request in [/var/www/html/chickenrainshop/controllers/books_controller.php, line 21]
2015-04-17 15:23:46 Notice: Notice (8): Trying to get property of non-object in [/var/www/html/chickenrainshop/controllers/books_controller.php, line 21]
2015-04-17 15:24:16 Notice: Notice (8): Undefined property: BooksController::$request in [/var/www/html/chickenrainshop/controllers/books_controller.php, line 21]
2015-04-17 15:24:16 Notice: Notice (8): Trying to get property of non-object in [/var/www/html/chickenrainshop/controllers/books_controller.php, line 21]
2015-04-17 16:07:44 Notice: Notice (8): Undefined variable: title in [/usr/share/php/cake/libs/view/helpers/html.php, line 286]
2015-04-17 16:26:35 Notice: Notice (8): Array to string conversion in [/var/www/html/chickenrainshop/views/books/search.ctp, line 4]
