2015-04-16 16:06:24 Warning: Warning (512): <span style="color:Red;text-align:left"><b>SQL Error:</b> 1054: Unknown column 'created' in 'order clause'</span> in [/usr/share/php/cake/libs/model/datasources/dbo_source.php, line 684]
2015-04-16 16:15:01 Warning: Warning (2): Invalid argument supplied for foreach() in [/var/www/html/chickenrainshop/views/products/index.ctp, line 3]
2015-04-16 17:31:12 Warning: Warning (512): <span style="color:Red;text-align:left"><b>SQL Error:</b> 1064: You have an error in your SQL syntax; check the manual that corresponds to your MySQL server version for the right syntax to use near 'paginate' at line 1</span> in [/usr/share/php/cake/libs/model/datasources/dbo_source.php, line 684]
2015-04-16 17:31:12 Warning: Warning (2): Invalid argument supplied for foreach() in [/var/www/html/chickenrainshop/views/products/latest_books.ctp, line 3]
2015-04-16 17:35:42 Warning: Warning (2): Invalid argument supplied for foreach() in [/var/www/html/chickenrainshop/views/products/latest_books.ctp, line 3]
2015-04-16 17:36:00 Warning: Warning (512): <span style="color:Red;text-align:left"><b>SQL Error:</b> 1064: You have an error in your SQL syntax; check the manual that corresponds to your MySQL server version for the right syntax to use near 'paginate' at line 1</span> in [/usr/share/php/cake/libs/model/datasources/dbo_source.php, line 684]
2015-04-16 17:36:00 Warning: Warning (2): Invalid argument supplied for foreach() in [/var/www/html/chickenrainshop/views/products/latest_books.ctp, line 3]
2015-04-16 17:37:28 Warning: Warning (512): <span style="color:Red;text-align:left"><b>SQL Error:</b> 1064: You have an error in your SQL syntax; check the manual that corresponds to your MySQL server version for the right syntax to use near 'paginate' at line 1</span> in [/usr/share/php/cake/libs/model/datasources/dbo_source.php, line 684]
2015-04-16 17:37:28 Warning: Warning (2): Invalid argument supplied for foreach() in [/var/www/html/chickenrainshop/views/products/latest_books.ctp, line 3]
2015-04-16 17:38:55 Warning: Warning (2): Creating default object from empty value in [/var/www/html/chickenrainshop/controllers/products_controller.php, line 15]
2015-04-16 17:38:55 Warning: Warning (512): <span style="color:Red;text-align:left"><b>SQL Error:</b> 1064: You have an error in your SQL syntax; check the manual that corresponds to your MySQL server version for the right syntax to use near 'paginate' at line 1</span> in [/usr/share/php/cake/libs/model/datasources/dbo_source.php, line 684]
2015-04-16 17:38:55 Warning: Warning (2): Invalid argument supplied for foreach() in [/var/www/html/chickenrainshop/views/products/latest_books.ctp, line 3]
2015-04-16 17:39:41 Warning: Warning (2): Creating default object from empty value in [/var/www/html/chickenrainshop/controllers/products_controller.php, line 15]
2015-04-16 17:39:41 Warning: Warning (512): <span style="color:Red;text-align:left"><b>SQL Error:</b> 1064: You have an error in your SQL syntax; check the manual that corresponds to your MySQL server version for the right syntax to use near 'paginate' at line 1</span> in [/usr/share/php/cake/libs/model/datasources/dbo_source.php, line 684]
2015-04-16 17:39:41 Warning: Warning (2): Invalid argument supplied for foreach() in [/var/www/html/chickenrainshop/views/products/latest_books.ctp, line 3]
2015-04-16 17:40:03 Warning: Warning (512): <span style="color:Red;text-align:left"><b>SQL Error:</b> 1064: You have an error in your SQL syntax; check the manual that corresponds to your MySQL server version for the right syntax to use near 'paginate' at line 1</span> in [/usr/share/php/cake/libs/model/datasources/dbo_source.php, line 684]
2015-04-16 17:40:03 Warning: Warning (2): Invalid argument supplied for foreach() in [/var/www/html/chickenrainshop/views/products/latest_books.ctp, line 3]
2015-04-16 17:40:51 Warning: Warning (512): <span style="color:Red;text-align:left"><b>SQL Error:</b> 1064: You have an error in your SQL syntax; check the manual that corresponds to your MySQL server version for the right syntax to use near 'paginate' at line 1</span> in [/usr/share/php/cake/libs/model/datasources/dbo_source.php, line 684]
2015-04-16 17:40:51 Warning: Warning (2): Invalid argument supplied for foreach() in [/var/www/html/chickenrainshop/views/products/latest_books.ctp, line 3]
2015-04-16 17:42:16 Warning: Warning (512): <span style="color:Red;text-align:left"><b>SQL Error:</b> 1064: You have an error in your SQL syntax; check the manual that corresponds to your MySQL server version for the right syntax to use near 'paginate' at line 1</span> in [/usr/share/php/cake/libs/model/datasources/dbo_source.php, line 684]
2015-04-16 17:42:16 Warning: Warning (2): Invalid argument supplied for foreach() in [/var/www/html/chickenrainshop/views/products/latest_books.ctp, line 3]
2015-04-16 17:44:50 Warning: Warning (512): <span style="color:Red;text-align:left"><b>SQL Error:</b> 1064: You have an error in your SQL syntax; check the manual that corresponds to your MySQL server version for the right syntax to use near 'paginate' at line 1</span> in [/usr/share/php/cake/libs/model/datasources/dbo_source.php, line 684]
2015-04-16 17:44:50 Warning: Warning (2): Invalid argument supplied for foreach() in [/var/www/html/chickenrainshop/views/products/latest_books.ctp, line 3]
2015-04-16 17:44:57 Warning: Warning (512): <span style="color:Red;text-align:left"><b>SQL Error:</b> 1064: You have an error in your SQL syntax; check the manual that corresponds to your MySQL server version for the right syntax to use near 'paginate' at line 1</span> in [/usr/share/php/cake/libs/model/datasources/dbo_source.php, line 684]
2015-04-16 17:44:57 Warning: Warning (2): Invalid argument supplied for foreach() in [/var/www/html/chickenrainshop/views/products/latest_books.ctp, line 3]
2015-04-16 17:47:05 Warning: Warning (512): <span style="color:Red;text-align:left"><b>SQL Error:</b> 1064: You have an error in your SQL syntax; check the manual that corresponds to your MySQL server version for the right syntax to use near 'paginate' at line 1</span> in [/usr/share/php/cake/libs/model/datasources/dbo_source.php, line 684]
2015-04-16 17:47:05 Warning: Warning (2): Invalid argument supplied for foreach() in [/var/www/html/chickenrainshop/views/products/latest_books.ctp, line 3]
2015-04-16 17:47:20 Warning: Warning (512): <span style="color:Red;text-align:left"><b>SQL Error:</b> 1064: You have an error in your SQL syntax; check the manual that corresponds to your MySQL server version for the right syntax to use near 'paginate' at line 1</span> in [/usr/share/php/cake/libs/model/datasources/dbo_source.php, line 684]
2015-04-16 17:47:35 Warning: Warning (512): <span style="color:Red;text-align:left"><b>SQL Error:</b> 1064: You have an error in your SQL syntax; check the manual that corresponds to your MySQL server version for the right syntax to use near 'paginate' at line 1</span> in [/usr/share/php/cake/libs/model/datasources/dbo_source.php, line 684]
2015-04-16 17:47:39 Warning: Warning (512): <span style="color:Red;text-align:left"><b>SQL Error:</b> 1064: You have an error in your SQL syntax; check the manual that corresponds to your MySQL server version for the right syntax to use near 'paginate' at line 1</span> in [/usr/share/php/cake/libs/model/datasources/dbo_source.php, line 684]
2015-04-16 17:47:39 Warning: Warning (2): Invalid argument supplied for foreach() in [/var/www/html/chickenrainshop/views/products/latest_books.ctp, line 3]
2015-04-16 17:47:42 Warning: Warning (512): <span style="color:Red;text-align:left"><b>SQL Error:</b> 1064: You have an error in your SQL syntax; check the manual that corresponds to your MySQL server version for the right syntax to use near 'paginate' at line 1</span> in [/usr/share/php/cake/libs/model/datasources/dbo_source.php, line 684]
2015-04-16 17:47:51 Warning: Warning (512): <span style="color:Red;text-align:left"><b>SQL Error:</b> 1064: You have an error in your SQL syntax; check the manual that corresponds to your MySQL server version for the right syntax to use near 'paginate' at line 1</span> in [/usr/share/php/cake/libs/model/datasources/dbo_source.php, line 684]
2015-04-16 17:47:51 Warning: Warning (2): Invalid argument supplied for foreach() in [/var/www/html/chickenrainshop/views/products/latest_books.ctp, line 3]
2015-04-16 17:48:28 Warning: Warning (512): <span style="color:Red;text-align:left"><b>SQL Error:</b> 1064: You have an error in your SQL syntax; check the manual that corresponds to your MySQL server version for the right syntax to use near 'paginate' at line 1</span> in [/usr/share/php/cake/libs/model/datasources/dbo_source.php, line 684]
2015-04-16 17:48:28 Warning: Warning (2): Invalid argument supplied for foreach() in [/var/www/html/chickenrainshop/views/products/latest_books.ctp, line 3]
2015-04-16 17:48:55 Warning: Warning (512): <span style="color:Red;text-align:left"><b>SQL Error:</b> 1064: You have an error in your SQL syntax; check the manual that corresponds to your MySQL server version for the right syntax to use near 'paginate' at line 1</span> in [/usr/share/php/cake/libs/model/datasources/dbo_source.php, line 684]
2015-04-16 17:48:55 Warning: Warning (2): Invalid argument supplied for foreach() in [/var/www/html/chickenrainshop/views/products/latest_books.ctp, line 3]
2015-04-16 17:49:03 Warning: Warning (512): <span style="color:Red;text-align:left"><b>SQL Error:</b> 1064: You have an error in your SQL syntax; check the manual that corresponds to your MySQL server version for the right syntax to use near 'paginate' at line 1</span> in [/usr/share/php/cake/libs/model/datasources/dbo_source.php, line 684]
2015-04-16 17:49:03 Warning: Warning (2): Invalid argument supplied for foreach() in [/var/www/html/chickenrainshop/views/products/latest_books.ctp, line 3]
2015-04-16 17:50:57 Warning: Warning (512): <span style="color:Red;text-align:left"><b>SQL Error:</b> 1064: You have an error in your SQL syntax; check the manual that corresponds to your MySQL server version for the right syntax to use near 'paginate' at line 1</span> in [/usr/share/php/cake/libs/model/datasources/dbo_source.php, line 684]
2015-04-16 17:50:57 Warning: Warning (2): Invalid argument supplied for foreach() in [/var/www/html/chickenrainshop/views/products/latest_books.ctp, line 3]
2015-04-16 17:52:39 Warning: Warning (512): <span style="color:Red;text-align:left"><b>SQL Error:</b> 1064: You have an error in your SQL syntax; check the manual that corresponds to your MySQL server version for the right syntax to use near 'paginate' at line 1</span> in [/usr/share/php/cake/libs/model/datasources/dbo_source.php, line 684]
2015-04-16 17:52:39 Warning: Warning (2): Invalid argument supplied for foreach() in [/var/www/html/chickenrainshop/views/products/latest_books.ctp, line 3]
2015-04-16 17:53:49 Warning: Warning (512): <span style="color:Red;text-align:left"><b>SQL Error:</b> 1064: You have an error in your SQL syntax; check the manual that corresponds to your MySQL server version for the right syntax to use near 'paginate' at line 1</span> in [/usr/share/php/cake/libs/model/datasources/dbo_source.php, line 684]
2015-04-16 17:53:49 Warning: Warning (2): Invalid argument supplied for foreach() in [/var/www/html/chickenrainshop/views/products/latest_books.ctp, line 3]
2015-04-16 17:54:18 Warning: Warning (512): <span style="color:Red;text-align:left"><b>SQL Error:</b> 1064: You have an error in your SQL syntax; check the manual that corresponds to your MySQL server version for the right syntax to use near 'paginate' at line 1</span> in [/usr/share/php/cake/libs/model/datasources/dbo_source.php, line 684]
2015-04-16 17:54:18 Warning: Warning (2): Invalid argument supplied for foreach() in [/var/www/html/chickenrainshop/views/products/latest_books.ctp, line 3]
2015-04-16 17:54:19 Warning: Warning (512): <span style="color:Red;text-align:left"><b>SQL Error:</b> 1064: You have an error in your SQL syntax; check the manual that corresponds to your MySQL server version for the right syntax to use near 'paginate' at line 1</span> in [/usr/share/php/cake/libs/model/datasources/dbo_source.php, line 684]
2015-04-16 17:54:19 Warning: Warning (2): Invalid argument supplied for foreach() in [/var/www/html/chickenrainshop/views/products/latest_books.ctp, line 3]
2015-04-16 17:54:19 Warning: Warning (512): <span style="color:Red;text-align:left"><b>SQL Error:</b> 1064: You have an error in your SQL syntax; check the manual that corresponds to your MySQL server version for the right syntax to use near 'paginate' at line 1</span> in [/usr/share/php/cake/libs/model/datasources/dbo_source.php, line 684]
2015-04-16 17:54:19 Warning: Warning (2): Invalid argument supplied for foreach() in [/var/www/html/chickenrainshop/views/products/latest_books.ctp, line 3]
2015-04-16 17:54:19 Warning: Warning (512): <span style="color:Red;text-align:left"><b>SQL Error:</b> 1064: You have an error in your SQL syntax; check the manual that corresponds to your MySQL server version for the right syntax to use near 'paginate' at line 1</span> in [/usr/share/php/cake/libs/model/datasources/dbo_source.php, line 684]
2015-04-16 17:54:19 Warning: Warning (2): Invalid argument supplied for foreach() in [/var/www/html/chickenrainshop/views/products/latest_books.ctp, line 3]
2015-04-16 17:54:19 Warning: Warning (512): <span style="color:Red;text-align:left"><b>SQL Error:</b> 1064: You have an error in your SQL syntax; check the manual that corresponds to your MySQL server version for the right syntax to use near 'paginate' at line 1</span> in [/usr/share/php/cake/libs/model/datasources/dbo_source.php, line 684]
2015-04-16 17:54:19 Warning: Warning (2): Invalid argument supplied for foreach() in [/var/www/html/chickenrainshop/views/products/latest_books.ctp, line 3]
2015-04-16 17:54:20 Warning: Warning (512): <span style="color:Red;text-align:left"><b>SQL Error:</b> 1064: You have an error in your SQL syntax; check the manual that corresponds to your MySQL server version for the right syntax to use near 'paginate' at line 1</span> in [/usr/share/php/cake/libs/model/datasources/dbo_source.php, line 684]
2015-04-16 17:54:20 Warning: Warning (2): Invalid argument supplied for foreach() in [/var/www/html/chickenrainshop/views/products/latest_books.ctp, line 3]
2015-04-16 17:54:20 Warning: Warning (512): <span style="color:Red;text-align:left"><b>SQL Error:</b> 1064: You have an error in your SQL syntax; check the manual that corresponds to your MySQL server version for the right syntax to use near 'paginate' at line 1</span> in [/usr/share/php/cake/libs/model/datasources/dbo_source.php, line 684]
2015-04-16 17:54:20 Warning: Warning (2): Invalid argument supplied for foreach() in [/var/www/html/chickenrainshop/views/products/latest_books.ctp, line 3]
2015-04-16 17:54:20 Warning: Warning (512): <span style="color:Red;text-align:left"><b>SQL Error:</b> 1064: You have an error in your SQL syntax; check the manual that corresponds to your MySQL server version for the right syntax to use near 'paginate' at line 1</span> in [/usr/share/php/cake/libs/model/datasources/dbo_source.php, line 684]
2015-04-16 17:54:20 Warning: Warning (2): Invalid argument supplied for foreach() in [/var/www/html/chickenrainshop/views/products/latest_books.ctp, line 3]
2015-04-16 17:54:21 Warning: Warning (512): <span style="color:Red;text-align:left"><b>SQL Error:</b> 1064: You have an error in your SQL syntax; check the manual that corresponds to your MySQL server version for the right syntax to use near 'paginate' at line 1</span> in [/usr/share/php/cake/libs/model/datasources/dbo_source.php, line 684]
2015-04-16 17:54:21 Warning: Warning (2): Invalid argument supplied for foreach() in [/var/www/html/chickenrainshop/views/products/latest_books.ctp, line 3]
2015-04-16 17:54:21 Warning: Warning (512): <span style="color:Red;text-align:left"><b>SQL Error:</b> 1064: You have an error in your SQL syntax; check the manual that corresponds to your MySQL server version for the right syntax to use near 'paginate' at line 1</span> in [/usr/share/php/cake/libs/model/datasources/dbo_source.php, line 684]
2015-04-16 17:54:21 Warning: Warning (2): Invalid argument supplied for foreach() in [/var/www/html/chickenrainshop/views/products/latest_books.ctp, line 3]
2015-04-16 17:54:21 Warning: Warning (512): <span style="color:Red;text-align:left"><b>SQL Error:</b> 1064: You have an error in your SQL syntax; check the manual that corresponds to your MySQL server version for the right syntax to use near 'paginate' at line 1</span> in [/usr/share/php/cake/libs/model/datasources/dbo_source.php, line 684]
2015-04-16 17:54:21 Warning: Warning (2): Invalid argument supplied for foreach() in [/var/www/html/chickenrainshop/views/products/latest_books.ctp, line 3]
2015-04-16 17:54:21 Warning: Warning (512): <span style="color:Red;text-align:left"><b>SQL Error:</b> 1064: You have an error in your SQL syntax; check the manual that corresponds to your MySQL server version for the right syntax to use near 'paginate' at line 1</span> in [/usr/share/php/cake/libs/model/datasources/dbo_source.php, line 684]
2015-04-16 17:54:21 Warning: Warning (2): Invalid argument supplied for foreach() in [/var/www/html/chickenrainshop/views/products/latest_books.ctp, line 3]
2015-04-16 17:54:21 Warning: Warning (512): <span style="color:Red;text-align:left"><b>SQL Error:</b> 1064: You have an error in your SQL syntax; check the manual that corresponds to your MySQL server version for the right syntax to use near 'paginate' at line 1</span> in [/usr/share/php/cake/libs/model/datasources/dbo_source.php, line 684]
2015-04-16 17:54:21 Warning: Warning (2): Invalid argument supplied for foreach() in [/var/www/html/chickenrainshop/views/products/latest_books.ctp, line 3]
2015-04-16 17:54:21 Warning: Warning (512): <span style="color:Red;text-align:left"><b>SQL Error:</b> 1064: You have an error in your SQL syntax; check the manual that corresponds to your MySQL server version for the right syntax to use near 'paginate' at line 1</span> in [/usr/share/php/cake/libs/model/datasources/dbo_source.php, line 684]
2015-04-16 17:54:21 Warning: Warning (2): Invalid argument supplied for foreach() in [/var/www/html/chickenrainshop/views/products/latest_books.ctp, line 3]
2015-04-16 17:54:21 Warning: Warning (512): <span style="color:Red;text-align:left"><b>SQL Error:</b> 1064: You have an error in your SQL syntax; check the manual that corresponds to your MySQL server version for the right syntax to use near 'paginate' at line 1</span> in [/usr/share/php/cake/libs/model/datasources/dbo_source.php, line 684]
2015-04-16 17:54:21 Warning: Warning (2): Invalid argument supplied for foreach() in [/var/www/html/chickenrainshop/views/products/latest_books.ctp, line 3]
2015-04-16 17:54:21 Warning: Warning (512): <span style="color:Red;text-align:left"><b>SQL Error:</b> 1064: You have an error in your SQL syntax; check the manual that corresponds to your MySQL server version for the right syntax to use near 'paginate' at line 1</span> in [/usr/share/php/cake/libs/model/datasources/dbo_source.php, line 684]
2015-04-16 17:54:21 Warning: Warning (2): Invalid argument supplied for foreach() in [/var/www/html/chickenrainshop/views/products/latest_books.ctp, line 3]
2015-04-16 17:54:21 Warning: Warning (512): <span style="color:Red;text-align:left"><b>SQL Error:</b> 1064: You have an error in your SQL syntax; check the manual that corresponds to your MySQL server version for the right syntax to use near 'paginate' at line 1</span> in [/usr/share/php/cake/libs/model/datasources/dbo_source.php, line 684]
2015-04-16 17:54:21 Warning: Warning (2): Invalid argument supplied for foreach() in [/var/www/html/chickenrainshop/views/products/latest_books.ctp, line 3]
2015-04-16 17:54:21 Warning: Warning (512): <span style="color:Red;text-align:left"><b>SQL Error:</b> 1064: You have an error in your SQL syntax; check the manual that corresponds to your MySQL server version for the right syntax to use near 'paginate' at line 1</span> in [/usr/share/php/cake/libs/model/datasources/dbo_source.php, line 684]
2015-04-16 17:54:21 Warning: Warning (2): Invalid argument supplied for foreach() in [/var/www/html/chickenrainshop/views/products/latest_books.ctp, line 3]
2015-04-16 17:54:21 Warning: Warning (512): <span style="color:Red;text-align:left"><b>SQL Error:</b> 1064: You have an error in your SQL syntax; check the manual that corresponds to your MySQL server version for the right syntax to use near 'paginate' at line 1</span> in [/usr/share/php/cake/libs/model/datasources/dbo_source.php, line 684]
2015-04-16 17:54:21 Warning: Warning (2): Invalid argument supplied for foreach() in [/var/www/html/chickenrainshop/views/products/latest_books.ctp, line 3]
2015-04-16 17:54:21 Warning: Warning (512): <span style="color:Red;text-align:left"><b>SQL Error:</b> 1064: You have an error in your SQL syntax; check the manual that corresponds to your MySQL server version for the right syntax to use near 'paginate' at line 1</span> in [/usr/share/php/cake/libs/model/datasources/dbo_source.php, line 684]
2015-04-16 17:54:21 Warning: Warning (2): Invalid argument supplied for foreach() in [/var/www/html/chickenrainshop/views/products/latest_books.ctp, line 3]
2015-04-16 17:54:21 Warning: Warning (512): <span style="color:Red;text-align:left"><b>SQL Error:</b> 1064: You have an error in your SQL syntax; check the manual that corresponds to your MySQL server version for the right syntax to use near 'paginate' at line 1</span> in [/usr/share/php/cake/libs/model/datasources/dbo_source.php, line 684]
2015-04-16 17:54:21 Warning: Warning (2): Invalid argument supplied for foreach() in [/var/www/html/chickenrainshop/views/products/latest_books.ctp, line 3]
2015-04-16 17:54:21 Warning: Warning (512): <span style="color:Red;text-align:left"><b>SQL Error:</b> 1064: You have an error in your SQL syntax; check the manual that corresponds to your MySQL server version for the right syntax to use near 'paginate' at line 1</span> in [/usr/share/php/cake/libs/model/datasources/dbo_source.php, line 684]
2015-04-16 17:54:21 Warning: Warning (2): Invalid argument supplied for foreach() in [/var/www/html/chickenrainshop/views/products/latest_books.ctp, line 3]
2015-04-16 17:54:21 Warning: Warning (512): <span style="color:Red;text-align:left"><b>SQL Error:</b> 1064: You have an error in your SQL syntax; check the manual that corresponds to your MySQL server version for the right syntax to use near 'paginate' at line 1</span> in [/usr/share/php/cake/libs/model/datasources/dbo_source.php, line 684]
2015-04-16 17:54:21 Warning: Warning (2): Invalid argument supplied for foreach() in [/var/www/html/chickenrainshop/views/products/latest_books.ctp, line 3]
2015-04-16 17:54:21 Warning: Warning (512): <span style="color:Red;text-align:left"><b>SQL Error:</b> 1064: You have an error in your SQL syntax; check the manual that corresponds to your MySQL server version for the right syntax to use near 'paginate' at line 1</span> in [/usr/share/php/cake/libs/model/datasources/dbo_source.php, line 684]
2015-04-16 17:54:21 Warning: Warning (2): Invalid argument supplied for foreach() in [/var/www/html/chickenrainshop/views/products/latest_books.ctp, line 3]
2015-04-16 17:54:21 Warning: Warning (512): <span style="color:Red;text-align:left"><b>SQL Error:</b> 1064: You have an error in your SQL syntax; check the manual that corresponds to your MySQL server version for the right syntax to use near 'paginate' at line 1</span> in [/usr/share/php/cake/libs/model/datasources/dbo_source.php, line 684]
2015-04-16 17:54:21 Warning: Warning (2): Invalid argument supplied for foreach() in [/var/www/html/chickenrainshop/views/products/latest_books.ctp, line 3]
2015-04-16 17:54:21 Warning: Warning (512): <span style="color:Red;text-align:left"><b>SQL Error:</b> 1064: You have an error in your SQL syntax; check the manual that corresponds to your MySQL server version for the right syntax to use near 'paginate' at line 1</span> in [/usr/share/php/cake/libs/model/datasources/dbo_source.php, line 684]
2015-04-16 17:54:21 Warning: Warning (2): Invalid argument supplied for foreach() in [/var/www/html/chickenrainshop/views/products/latest_books.ctp, line 3]
2015-04-16 17:54:21 Warning: Warning (512): <span style="color:Red;text-align:left"><b>SQL Error:</b> 1064: You have an error in your SQL syntax; check the manual that corresponds to your MySQL server version for the right syntax to use near 'paginate' at line 1</span> in [/usr/share/php/cake/libs/model/datasources/dbo_source.php, line 684]
2015-04-16 17:54:21 Warning: Warning (2): Invalid argument supplied for foreach() in [/var/www/html/chickenrainshop/views/products/latest_books.ctp, line 3]
2015-04-16 17:54:21 Warning: Warning (512): <span style="color:Red;text-align:left"><b>SQL Error:</b> 1064: You have an error in your SQL syntax; check the manual that corresponds to your MySQL server version for the right syntax to use near 'paginate' at line 1</span> in [/usr/share/php/cake/libs/model/datasources/dbo_source.php, line 684]
2015-04-16 17:54:21 Warning: Warning (2): Invalid argument supplied for foreach() in [/var/www/html/chickenrainshop/views/products/latest_books.ctp, line 3]
2015-04-16 17:54:21 Warning: Warning (512): <span style="color:Red;text-align:left"><b>SQL Error:</b> 1064: You have an error in your SQL syntax; check the manual that corresponds to your MySQL server version for the right syntax to use near 'paginate' at line 1</span> in [/usr/share/php/cake/libs/model/datasources/dbo_source.php, line 684]
2015-04-16 17:54:21 Warning: Warning (2): Invalid argument supplied for foreach() in [/var/www/html/chickenrainshop/views/products/latest_books.ctp, line 3]
2015-04-16 17:54:21 Warning: Warning (512): <span style="color:Red;text-align:left"><b>SQL Error:</b> 1064: You have an error in your SQL syntax; check the manual that corresponds to your MySQL server version for the right syntax to use near 'paginate' at line 1</span> in [/usr/share/php/cake/libs/model/datasources/dbo_source.php, line 684]
2015-04-16 17:54:21 Warning: Warning (2): Invalid argument supplied for foreach() in [/var/www/html/chickenrainshop/views/products/latest_books.ctp, line 3]
2015-04-16 17:54:21 Warning: Warning (512): <span style="color:Red;text-align:left"><b>SQL Error:</b> 1064: You have an error in your SQL syntax; check the manual that corresponds to your MySQL server version for the right syntax to use near 'paginate' at line 1</span> in [/usr/share/php/cake/libs/model/datasources/dbo_source.php, line 684]
2015-04-16 17:54:21 Warning: Warning (2): Invalid argument supplied for foreach() in [/var/www/html/chickenrainshop/views/products/latest_books.ctp, line 3]
2015-04-16 17:54:21 Warning: Warning (512): <span style="color:Red;text-align:left"><b>SQL Error:</b> 1064: You have an error in your SQL syntax; check the manual that corresponds to your MySQL server version for the right syntax to use near 'paginate' at line 1</span> in [/usr/share/php/cake/libs/model/datasources/dbo_source.php, line 684]
2015-04-16 17:54:21 Warning: Warning (2): Invalid argument supplied for foreach() in [/var/www/html/chickenrainshop/views/products/latest_books.ctp, line 3]
2015-04-16 17:54:21 Warning: Warning (512): <span style="color:Red;text-align:left"><b>SQL Error:</b> 1064: You have an error in your SQL syntax; check the manual that corresponds to your MySQL server version for the right syntax to use near 'paginate' at line 1</span> in [/usr/share/php/cake/libs/model/datasources/dbo_source.php, line 684]
2015-04-16 17:54:21 Warning: Warning (2): Invalid argument supplied for foreach() in [/var/www/html/chickenrainshop/views/products/latest_books.ctp, line 3]
2015-04-16 17:54:21 Warning: Warning (512): <span style="color:Red;text-align:left"><b>SQL Error:</b> 1064: You have an error in your SQL syntax; check the manual that corresponds to your MySQL server version for the right syntax to use near 'paginate' at line 1</span> in [/usr/share/php/cake/libs/model/datasources/dbo_source.php, line 684]
2015-04-16 17:54:21 Warning: Warning (2): Invalid argument supplied for foreach() in [/var/www/html/chickenrainshop/views/products/latest_books.ctp, line 3]
2015-04-16 17:54:21 Warning: Warning (512): <span style="color:Red;text-align:left"><b>SQL Error:</b> 1064: You have an error in your SQL syntax; check the manual that corresponds to your MySQL server version for the right syntax to use near 'paginate' at line 1</span> in [/usr/share/php/cake/libs/model/datasources/dbo_source.php, line 684]
2015-04-16 17:54:21 Warning: Warning (2): Invalid argument supplied for foreach() in [/var/www/html/chickenrainshop/views/products/latest_books.ctp, line 3]
2015-04-16 17:54:21 Warning: Warning (512): <span style="color:Red;text-align:left"><b>SQL Error:</b> 1064: You have an error in your SQL syntax; check the manual that corresponds to your MySQL server version for the right syntax to use near 'paginate' at line 1</span> in [/usr/share/php/cake/libs/model/datasources/dbo_source.php, line 684]
2015-04-16 17:54:21 Warning: Warning (2): Invalid argument supplied for foreach() in [/var/www/html/chickenrainshop/views/products/latest_books.ctp, line 3]
2015-04-16 17:54:22 Warning: Warning (512): <span style="color:Red;text-align:left"><b>SQL Error:</b> 1064: You have an error in your SQL syntax; check the manual that corresponds to your MySQL server version for the right syntax to use near 'paginate' at line 1</span> in [/usr/share/php/cake/libs/model/datasources/dbo_source.php, line 684]
2015-04-16 17:54:22 Warning: Warning (2): Invalid argument supplied for foreach() in [/var/www/html/chickenrainshop/views/products/latest_books.ctp, line 3]
2015-04-16 17:54:22 Warning: Warning (512): <span style="color:Red;text-align:left"><b>SQL Error:</b> 1064: You have an error in your SQL syntax; check the manual that corresponds to your MySQL server version for the right syntax to use near 'paginate' at line 1</span> in [/usr/share/php/cake/libs/model/datasources/dbo_source.php, line 684]
2015-04-16 17:54:22 Warning: Warning (2): Invalid argument supplied for foreach() in [/var/www/html/chickenrainshop/views/products/latest_books.ctp, line 3]
2015-04-16 17:54:22 Warning: Warning (512): <span style="color:Red;text-align:left"><b>SQL Error:</b> 1064: You have an error in your SQL syntax; check the manual that corresponds to your MySQL server version for the right syntax to use near 'paginate' at line 1</span> in [/usr/share/php/cake/libs/model/datasources/dbo_source.php, line 684]
2015-04-16 17:54:22 Warning: Warning (2): Invalid argument supplied for foreach() in [/var/www/html/chickenrainshop/views/products/latest_books.ctp, line 3]
2015-04-16 17:54:22 Warning: Warning (512): <span style="color:Red;text-align:left"><b>SQL Error:</b> 1064: You have an error in your SQL syntax; check the manual that corresponds to your MySQL server version for the right syntax to use near 'paginate' at line 1</span> in [/usr/share/php/cake/libs/model/datasources/dbo_source.php, line 684]
2015-04-16 17:54:22 Warning: Warning (2): Invalid argument supplied for foreach() in [/var/www/html/chickenrainshop/views/products/latest_books.ctp, line 3]
2015-04-16 17:54:22 Warning: Warning (512): <span style="color:Red;text-align:left"><b>SQL Error:</b> 1064: You have an error in your SQL syntax; check the manual that corresponds to your MySQL server version for the right syntax to use near 'paginate' at line 1</span> in [/usr/share/php/cake/libs/model/datasources/dbo_source.php, line 684]
2015-04-16 17:54:22 Warning: Warning (2): Invalid argument supplied for foreach() in [/var/www/html/chickenrainshop/views/products/latest_books.ctp, line 3]
2015-04-16 17:54:22 Warning: Warning (512): <span style="color:Red;text-align:left"><b>SQL Error:</b> 1064: You have an error in your SQL syntax; check the manual that corresponds to your MySQL server version for the right syntax to use near 'paginate' at line 1</span> in [/usr/share/php/cake/libs/model/datasources/dbo_source.php, line 684]
2015-04-16 17:54:22 Warning: Warning (2): Invalid argument supplied for foreach() in [/var/www/html/chickenrainshop/views/products/latest_books.ctp, line 3]
2015-04-16 17:54:22 Warning: Warning (512): <span style="color:Red;text-align:left"><b>SQL Error:</b> 1064: You have an error in your SQL syntax; check the manual that corresponds to your MySQL server version for the right syntax to use near 'paginate' at line 1</span> in [/usr/share/php/cake/libs/model/datasources/dbo_source.php, line 684]
2015-04-16 17:54:22 Warning: Warning (2): Invalid argument supplied for foreach() in [/var/www/html/chickenrainshop/views/products/latest_books.ctp, line 3]
2015-04-16 17:54:22 Warning: Warning (512): <span style="color:Red;text-align:left"><b>SQL Error:</b> 1064: You have an error in your SQL syntax; check the manual that corresponds to your MySQL server version for the right syntax to use near 'paginate' at line 1</span> in [/usr/share/php/cake/libs/model/datasources/dbo_source.php, line 684]
2015-04-16 17:54:22 Warning: Warning (2): Invalid argument supplied for foreach() in [/var/www/html/chickenrainshop/views/products/latest_books.ctp, line 3]
2015-04-16 17:54:22 Warning: Warning (512): <span style="color:Red;text-align:left"><b>SQL Error:</b> 1064: You have an error in your SQL syntax; check the manual that corresponds to your MySQL server version for the right syntax to use near 'paginate' at line 1</span> in [/usr/share/php/cake/libs/model/datasources/dbo_source.php, line 684]
2015-04-16 17:54:22 Warning: Warning (2): Invalid argument supplied for foreach() in [/var/www/html/chickenrainshop/views/products/latest_books.ctp, line 3]
2015-04-16 17:54:22 Warning: Warning (512): <span style="color:Red;text-align:left"><b>SQL Error:</b> 1064: You have an error in your SQL syntax; check the manual that corresponds to your MySQL server version for the right syntax to use near 'paginate' at line 1</span> in [/usr/share/php/cake/libs/model/datasources/dbo_source.php, line 684]
2015-04-16 17:54:22 Warning: Warning (2): Invalid argument supplied for foreach() in [/var/www/html/chickenrainshop/views/products/latest_books.ctp, line 3]
2015-04-16 17:54:22 Warning: Warning (512): <span style="color:Red;text-align:left"><b>SQL Error:</b> 1064: You have an error in your SQL syntax; check the manual that corresponds to your MySQL server version for the right syntax to use near 'paginate' at line 1</span> in [/usr/share/php/cake/libs/model/datasources/dbo_source.php, line 684]
2015-04-16 17:54:22 Warning: Warning (2): Invalid argument supplied for foreach() in [/var/www/html/chickenrainshop/views/products/latest_books.ctp, line 3]
2015-04-16 17:54:22 Warning: Warning (512): <span style="color:Red;text-align:left"><b>SQL Error:</b> 1064: You have an error in your SQL syntax; check the manual that corresponds to your MySQL server version for the right syntax to use near 'paginate' at line 1</span> in [/usr/share/php/cake/libs/model/datasources/dbo_source.php, line 684]
2015-04-16 17:54:22 Warning: Warning (2): Invalid argument supplied for foreach() in [/var/www/html/chickenrainshop/views/products/latest_books.ctp, line 3]
2015-04-16 17:54:22 Warning: Warning (512): <span style="color:Red;text-align:left"><b>SQL Error:</b> 1064: You have an error in your SQL syntax; check the manual that corresponds to your MySQL server version for the right syntax to use near 'paginate' at line 1</span> in [/usr/share/php/cake/libs/model/datasources/dbo_source.php, line 684]
2015-04-16 17:54:22 Warning: Warning (2): Invalid argument supplied for foreach() in [/var/www/html/chickenrainshop/views/products/latest_books.ctp, line 3]
2015-04-16 17:54:35 Warning: Warning (512): <span style="color:Red;text-align:left"><b>SQL Error:</b> 1064: You have an error in your SQL syntax; check the manual that corresponds to your MySQL server version for the right syntax to use near 'paginate' at line 1</span> in [/usr/share/php/cake/libs/model/datasources/dbo_source.php, line 684]
2015-04-16 17:54:35 Warning: Warning (2): Invalid argument supplied for foreach() in [/var/www/html/chickenrainshop/views/products/latest_books.ctp, line 3]
2015-04-16 17:54:38 Warning: Warning (512): <span style="color:Red;text-align:left"><b>SQL Error:</b> 1064: You have an error in your SQL syntax; check the manual that corresponds to your MySQL server version for the right syntax to use near 'paginate' at line 1</span> in [/usr/share/php/cake/libs/model/datasources/dbo_source.php, line 684]
2015-04-16 17:54:38 Warning: Warning (2): Invalid argument supplied for foreach() in [/var/www/html/chickenrainshop/views/products/latest_books.ctp, line 3]
2015-04-16 17:54:39 Warning: Warning (512): <span style="color:Red;text-align:left"><b>SQL Error:</b> 1064: You have an error in your SQL syntax; check the manual that corresponds to your MySQL server version for the right syntax to use near 'paginate' at line 1</span> in [/usr/share/php/cake/libs/model/datasources/dbo_source.php, line 684]
2015-04-16 17:54:39 Warning: Warning (2): Invalid argument supplied for foreach() in [/var/www/html/chickenrainshop/views/products/latest_books.ctp, line 3]
2015-04-16 17:54:39 Warning: Warning (512): <span style="color:Red;text-align:left"><b>SQL Error:</b> 1064: You have an error in your SQL syntax; check the manual that corresponds to your MySQL server version for the right syntax to use near 'paginate' at line 1</span> in [/usr/share/php/cake/libs/model/datasources/dbo_source.php, line 684]
2015-04-16 17:54:39 Warning: Warning (2): Invalid argument supplied for foreach() in [/var/www/html/chickenrainshop/views/products/latest_books.ctp, line 3]
2015-04-16 17:54:42 Warning: Warning (512): <span style="color:Red;text-align:left"><b>SQL Error:</b> 1064: You have an error in your SQL syntax; check the manual that corresponds to your MySQL server version for the right syntax to use near 'paginate' at line 1</span> in [/usr/share/php/cake/libs/model/datasources/dbo_source.php, line 684]
2015-04-16 17:54:42 Warning: Warning (2): Invalid argument supplied for foreach() in [/var/www/html/chickenrainshop/views/products/latest_books.ctp, line 3]
2015-04-17 10:07:38 Warning: Warning (2): Invalid argument supplied for foreach() in [/var/www/html/chickenrainshop/views/elements/products.ctp, line 1]
2015-04-17 10:08:22 Warning: Warning (2): Invalid argument supplied for foreach() in [/var/www/html/chickenrainshop/views/elements/books.ctp, line 1]
2015-04-17 10:10:21 Warning: Warning (512): <span style="color:Red;text-align:left"><b>SQL Error:</b> 1054: Unknown column 'pro' in 'where clause'</span> in [/usr/share/php/cake/libs/model/datasources/dbo_source.php, line 684]
2015-04-17 10:12:04 Warning: Warning (512): <span style="color:Red;text-align:left"><b>SQL Error:</b> 1054: Unknown column 'pro' in 'where clause'</span> in [/usr/share/php/cake/libs/model/datasources/dbo_source.php, line 684]
2015-04-17 10:38:25 Warning: Warning (512): <span style="color:Red;text-align:left"><b>SQL Error:</b> 1062: Duplicate entry '0' for key 'PRIMARY'</span> in [/usr/share/php/cake/libs/model/datasources/dbo_source.php, line 684]
2015-04-17 10:48:47 Warning: Warning (512): <span style="color:Red;text-align:left"><b>SQL Error:</b> 1054: Unknown column 'published' in 'where clause'</span> in [/usr/share/php/cake/libs/model/datasources/dbo_source.php, line 684]
2015-04-17 10:48:47 Warning: Warning (2): Invalid argument supplied for foreach() in [/var/www/html/chickenrainshop/views/elements/books.ctp, line 1]
2015-04-17 16:07:44 Warning: Warning (2): Missing argument 1 for HtmlHelper::link(), called in /var/www/html/chickenrainshop/views/layouts/default.ctp on line 59 and defined in [/usr/share/php/cake/libs/view/helpers/html.php, line 281]
